The system is: Linux - 5.15.32-gentoo-r1 - x86_64
Compiling the C compiler identification source file "CMakeCCompilerId.c" succeeded.
Compiler: /usr/bin/cc 
Build flags: 
Id flags:  

The output was:
0


Compilation of the C compiler identification source "CMakeCCompilerId.c" produced "a.out"

The C compiler identification is GNU, found in "/home/wrowsers/CppStuff/AdventOfCode/2022/DaySix/CMakeFiles/3.24.3/CompilerIdC/a.out"

Compiling the CXX compiler identification source file "CMakeCXXCompilerId.cpp" succeeded.
Compiler: /usr/bin/c++ 
Build flags: 
Id flags:  

The output was:
0


Compilation of the CXX compiler identification source "CMakeCXXCompilerId.cpp" produced "a.out"

The CXX compiler identification is GNU, found in "/home/wrowsers/CppStuff/AdventOfCode/2022/DaySix/CMakeFiles/3.24.3/CompilerIdCXX/a.out"

Detecting C compiler ABI info compiled with the following output:
Change Dir: /home/wrowsers/CppStuff/AdventOfCode/2022/DaySix/CMakeFiles/CMakeTmp

Run Build Command(s):/usr/bin/gmake -f Makefile cmTC_7e333/fast && /usr/bin/gmake  -f CMakeFiles/cmTC_7e333.dir/build.make CMakeFiles/cmTC_7e333.dir/build
gmake[1]: Entering directory '/home/wrowsers/CppStuff/AdventOfCode/2022/DaySix/CMakeFiles/CMakeTmp'
Building C object CMakeFiles/cmTC_7e333.dir/CMakeCCompilerABI.c.o
/usr/bin/cc   -v -o CMakeFiles/cmTC_7e333.dir/CMakeCCompilerABI.c.o -c /usr/share/cmake/Modules/CMakeCCompilerABI.c
Using built-in specs.
COLLECT_GCC=/usr/bin/cc
Target: x86_64-pc-linux-gnu
Configured with: /var/tmp/portage/sys-devel/gcc-11.3.1_p20221209/work/gcc-11-20221209/configure --host=x86_64-pc-linux-gnu --build=x86_64-pc-linux-gnu --prefix=/usr --bindir=/usr/x86_64-pc-linux-gnu/gcc-bin/11 --includedir=/usr/lib/gcc/x86_64-pc-linux-gnu/11/include --datadir=/usr/share/gcc-data/x86_64-pc-linux-gnu/11 --mandir=/usr/share/gcc-data/x86_64-pc-linux-gnu/11/man --infodir=/usr/share/gcc-data/x86_64-pc-linux-gnu/11/info --with-gxx-include-dir=/usr/lib/gcc/x86_64-pc-linux-gnu/11/include/g++-v11 --with-python-dir=/share/gcc-data/x86_64-pc-linux-gnu/11/python --enable-languages=c,c++,fortran --enable-obsolete --enable-secureplt --disable-werror --with-system-zlib --enable-nls --without-included-gettext --disable-libunwind-exceptions --enable-checking=release --with-bugurl=https://bugs.gentoo.org/ --with-pkgversion='Gentoo 11.3.1_p20221209 p3' --with-gcc-major-version-only --disable-esp --enable-libstdcxx-time --disable-libstdcxx-pch --enable-shared --enable-threads=posix --enable-__cxa_atexit --enable-clocale=gnu --enable-multilib --with-multilib-list=m32,m64 --disable-fixed-point --enable-targets=all --enable-libgomp --disable-libssp --disable-libada --disable-cet --disable-systemtap --disable-valgrind-annotations --disable-vtable-verify --disable-libvtv --without-zstd --enable-lto --without-isl --enable-default-pie --enable-default-ssp
Thread model: posix
Supported LTO compression algorithms: zlib
gcc version 11.3.1 20221209 (Gentoo 11.3.1_p20221209 p3) 
COLLECT_GCC_OPTIONS='-v' '-o' 'CMakeFiles/cmTC_7e333.dir/CMakeCCompilerABI.c.o' '-c' '-mtune=generic' '-march=x86-64' '-dumpdir' 'CMakeFiles/cmTC_7e333.dir/'
 /usr/libexec/gcc/x86_64-pc-linux-gnu/11/cc1 -quiet -v /usr/share/cmake/Modules/CMakeCCompilerABI.c -quiet -dumpdir CMakeFiles/cmTC_7e333.dir/ -dumpbase CMakeCCompilerABI.c.c -dumpbase-ext .c -mtune=generic -march=x86-64 -version -o /tmp/ccBf5yI5.s
GNU C17 (Gentoo 11.3.1_p20221209 p3) version 11.3.1 20221209 (x86_64-pc-linux-gnu)
	compiled by GNU C version 11.3.1 20221209, GMP version 6.2.1, MPFR version 4.1.0-p13, MPC version 1.2.1, isl version none
warning: MPFR header version 4.1.0-p13 differs from library version 4.1.1-p1.
GGC heuristics: --param ggc-min-expand=100 --param ggc-min-heapsize=131072
ignoring nonexistent directory "/usr/lib/gcc/x86_64-pc-linux-gnu/11/../../../../x86_64-pc-linux-gnu/include"
#include "..." search starts here:
#include <...> search starts here:
 /usr/lib/gcc/x86_64-pc-linux-gnu/11/include
 /usr/local/include
 /usr/lib/gcc/x86_64-pc-linux-gnu/11/include-fixed
 /usr/include
End of search list.
GNU C17 (Gentoo 11.3.1_p20221209 p3) version 11.3.1 20221209 (x86_64-pc-linux-gnu)
	compiled by GNU C version 11.3.1 20221209, GMP version 6.2.1, MPFR version 4.1.0-p13, MPC version 1.2.1, isl version none
warning: MPFR header version 4.1.0-p13 differs from library version 4.1.1-p1.
GGC heuristics: --param ggc-min-expand=100 --param ggc-min-heapsize=131072
Compiler executable checksum: cce1b0a81ea5a96a12907e0164bd680d
COLLECT_GCC_OPTIONS='-v' '-o' 'CMakeFiles/cmTC_7e333.dir/CMakeCCompilerABI.c.o' '-c' '-mtune=generic' '-march=x86-64' '-dumpdir' 'CMakeFiles/cmTC_7e333.dir/'
 /usr/lib/gcc/x86_64-pc-linux-gnu/11/../../../../x86_64-pc-linux-gnu/bin/as -v --64 -o CMakeFiles/cmTC_7e333.dir/CMakeCCompilerABI.c.o /tmp/ccBf5yI5.s
GNU assembler version 2.39.0 (x86_64-pc-linux-gnu) using BFD version (Gentoo 2.39 p5) 2.39.0
COMPILER_PATH=/usr/libexec/gcc/x86_64-pc-linux-gnu/11/:/usr/libexec/gcc/x86_64-pc-linux-gnu/11/:/usr/libexec/gcc/x86_64-pc-linux-gnu/:/usr/lib/gcc/x86_64-pc-linux-gnu/11/:/usr/lib/gcc/x86_64-pc-linux-gnu/:/usr/lib/gcc/x86_64-pc-linux-gnu/11/../../../../x86_64-pc-linux-gnu/bin/
LIBRARY_PATH=/usr/lib/gcc/x86_64-pc-linux-gnu/11/:/usr/lib/gcc/x86_64-pc-linux-gnu/11/../../../../lib64/:/lib/../lib64/:/usr/lib/../lib64/:/usr/lib/gcc/x86_64-pc-linux-gnu/11/../../../../x86_64-pc-linux-gnu/lib/:/usr/lib/gcc/x86_64-pc-linux-gnu/11/../../../:/lib/:/usr/lib/
COLLECT_GCC_OPTIONS='-v' '-o' 'CMakeFiles/cmTC_7e333.dir/CMakeCCompilerABI.c.o' '-c' '-mtune=generic' '-march=x86-64' '-dumpdir' 'CMakeFiles/cmTC_7e333.dir/CMakeCCompilerABI.c.'
Linking C executable cmTC_7e333
/usr/bin/cmake -E cmake_link_script CMakeFiles/cmTC_7e333.dir/link.txt --verbose=1
/usr/bin/cc  -v -rdynamic CMakeFiles/cmTC_7e333.dir/CMakeCCompilerABI.c.o -o cmTC_7e333 
Using built-in specs.
COLLECT_GCC=/usr/bin/cc
COLLECT_LTO_WRAPPER=/usr/libexec/gcc/x86_64-pc-linux-gnu/11/lto-wrapper
Target: x86_64-pc-linux-gnu
Configured with: /var/tmp/portage/sys-devel/gcc-11.3.1_p20221209/work/gcc-11-20221209/configure --host=x86_64-pc-linux-gnu --build=x86_64-pc-linux-gnu --prefix=/usr --bindir=/usr/x86_64-pc-linux-gnu/gcc-bin/11 --includedir=/usr/lib/gcc/x86_64-pc-linux-gnu/11/include --datadir=/usr/share/gcc-data/x86_64-pc-linux-gnu/11 --mandir=/usr/share/gcc-data/x86_64-pc-linux-gnu/11/man --infodir=/usr/share/gcc-data/x86_64-pc-linux-gnu/11/info --with-gxx-include-dir=/usr/lib/gcc/x86_64-pc-linux-gnu/11/include/g++-v11 --with-python-dir=/share/gcc-data/x86_64-pc-linux-gnu/11/python --enable-languages=c,c++,fortran --enable-obsolete --enable-secureplt --disable-werror --with-system-zlib --enable-nls --without-included-gettext --disable-libunwind-exceptions --enable-checking=release --with-bugurl=https://bugs.gentoo.org/ --with-pkgversion='Gentoo 11.3.1_p20221209 p3' --with-gcc-major-version-only --disable-esp --enable-libstdcxx-time --disable-libstdcxx-pch --enable-shared --enable-threads=posix --enable-__cxa_atexit --enable-clocale=gnu --enable-multilib --with-multilib-list=m32,m64 --disable-fixed-point --enable-targets=all --enable-libgomp --disable-libssp --disable-libada --disable-cet --disable-systemtap --disable-valgrind-annotations --disable-vtable-verify --disable-libvtv --without-zstd --enable-lto --without-isl --enable-default-pie --enable-default-ssp
Thread model: posix
Supported LTO compression algorithms: zlib
gcc version 11.3.1 20221209 (Gentoo 11.3.1_p20221209 p3) 
COMPILER_PATH=/usr/libexec/gcc/x86_64-pc-linux-gnu/11/:/usr/libexec/gcc/x86_64-pc-linux-gnu/11/:/usr/libexec/gcc/x86_64-pc-linux-gnu/:/usr/lib/gcc/x86_64-pc-linux-gnu/11/:/usr/lib/gcc/x86_64-pc-linux-gnu/:/usr/lib/gcc/x86_64-pc-linux-gnu/11/../../../../x86_64-pc-linux-gnu/bin/
LIBRARY_PATH=/usr/lib/gcc/x86_64-pc-linux-gnu/11/:/usr/lib/gcc/x86_64-pc-linux-gnu/11/../../../../lib64/:/lib/../lib64/:/usr/lib/../lib64/:/usr/lib/gcc/x86_64-pc-linux-gnu/11/../../../../x86_64-pc-linux-gnu/lib/:/usr/lib/gcc/x86_64-pc-linux-gnu/11/../../../:/lib/:/usr/lib/
COLLECT_GCC_OPTIONS='-v' '-rdynamic' '-o' 'cmTC_7e333' '-mtune=generic' '-march=x86-64' '-dumpdir' 'cmTC_7e333.'
 /usr/libexec/gcc/x86_64-pc-linux-gnu/11/collect2 -plugin /usr/libexec/gcc/x86_64-pc-linux-gnu/11/liblto_plugin.so -plugin-opt=/usr/libexec/gcc/x86_64-pc-linux-gnu/11/lto-wrapper -plugin-opt=-fresolution=/tmp/ccibV74P.res -plugin-opt=-pass-through=-lgcc -plugin-opt=-pass-through=-lgcc_s -plugin-opt=-pass-through=-lc -plugin-opt=-pass-through=-lgcc -plugin-opt=-pass-through=-lgcc_s --eh-frame-hdr -m elf_x86_64 -export-dynamic -dynamic-linker /lib64/ld-linux-x86-64.so.2 -pie -o cmTC_7e333 /usr/lib/gcc/x86_64-pc-linux-gnu/11/../../../../lib64/Scrt1.o /usr/lib/gcc/x86_64-pc-linux-gnu/11/../../../../lib64/crti.o /usr/lib/gcc/x86_64-pc-linux-gnu/11/crtbeginS.o -L/usr/lib/gcc/x86_64-pc-linux-gnu/11 -L/usr/lib/gcc/x86_64-pc-linux-gnu/11/../../../../lib64 -L/lib/../lib64 -L/usr/lib/../lib64 -L/usr/lib/gcc/x86_64-pc-linux-gnu/11/../../../../x86_64-pc-linux-gnu/lib -L/usr/lib/gcc/x86_64-pc-linux-gnu/11/../../.. CMakeFiles/cmTC_7e333.dir/CMakeCCompilerABI.c.o -lgcc --push-state --as-needed -lgcc_s --pop-state -lc -lgcc --push-state --as-needed -lgcc_s --pop-state /usr/lib/gcc/x86_64-pc-linux-gnu/11/crtendS.o /usr/lib/gcc/x86_64-pc-linux-gnu/11/../../../../lib64/crtn.o
COLLECT_GCC_OPTIONS='-v' '-rdynamic' '-o' 'cmTC_7e333' '-mtune=generic' '-march=x86-64' '-dumpdir' 'cmTC_7e333.'
gmake[1]: Leaving directory '/home/wrowsers/CppStuff/AdventOfCode/2022/DaySix/CMakeFiles/CMakeTmp'



Parsed C implicit include dir info from above output: rv=done
  found start of include info
  found start of implicit include info
    add: [/usr/lib/gcc/x86_64-pc-linux-gnu/11/include]
    add: [/usr/local/include]
    add: [/usr/lib/gcc/x86_64-pc-linux-gnu/11/include-fixed]
    add: [/usr/include]
  end of search list found
  collapse include dir [/usr/lib/gcc/x86_64-pc-linux-gnu/11/include] ==> [/usr/lib/gcc/x86_64-pc-linux-gnu/11/include]
  collapse include dir [/usr/local/include] ==> [/usr/local/include]
  collapse include dir [/usr/lib/gcc/x86_64-pc-linux-gnu/11/include-fixed] ==> [/usr/lib/gcc/x86_64-pc-linux-gnu/11/include-fixed]
  collapse include dir [/usr/include] ==> [/usr/include]
  implicit include dirs: [/usr/lib/gcc/x86_64-pc-linux-gnu/11/include;/usr/local/include;/usr/lib/gcc/x86_64-pc-linux-gnu/11/include-fixed;/usr/include]


Parsed C implicit link information from above output:
  link line regex: [^( *|.*[/\])(ld|CMAKE_LINK_STARTFILE-NOTFOUND|([^/\]+-)?ld|collect2)[^/\]*( |$)]
  ignore line: [Change Dir: /home/wrowsers/CppStuff/AdventOfCode/2022/DaySix/CMakeFiles/CMakeTmp]
  ignore line: []
  ignore line: [Run Build Command(s):/usr/bin/gmake -f Makefile cmTC_7e333/fast && /usr/bin/gmake  -f CMakeFiles/cmTC_7e333.dir/build.make CMakeFiles/cmTC_7e333.dir/build]
  ignore line: [gmake[1]: Entering directory '/home/wrowsers/CppStuff/AdventOfCode/2022/DaySix/CMakeFiles/CMakeTmp']
  ignore line: [Building C object CMakeFiles/cmTC_7e333.dir/CMakeCCompilerABI.c.o]
  ignore line: [/usr/bin/cc   -v -o CMakeFiles/cmTC_7e333.dir/CMakeCCompilerABI.c.o -c /usr/share/cmake/Modules/CMakeCCompilerABI.c]
  ignore line: [Using built-in specs.]
  ignore line: [COLLECT_GCC=/usr/bin/cc]
  ignore line: [Target: x86_64-pc-linux-gnu]
  ignore line: [Configured with: /var/tmp/portage/sys-devel/gcc-11.3.1_p20221209/work/gcc-11-20221209/configure --host=x86_64-pc-linux-gnu --build=x86_64-pc-linux-gnu --prefix=/usr --bindir=/usr/x86_64-pc-linux-gnu/gcc-bin/11 --includedir=/usr/lib/gcc/x86_64-pc-linux-gnu/11/include --datadir=/usr/share/gcc-data/x86_64-pc-linux-gnu/11 --mandir=/usr/share/gcc-data/x86_64-pc-linux-gnu/11/man --infodir=/usr/share/gcc-data/x86_64-pc-linux-gnu/11/info --with-gxx-include-dir=/usr/lib/gcc/x86_64-pc-linux-gnu/11/include/g++-v11 --with-python-dir=/share/gcc-data/x86_64-pc-linux-gnu/11/python --enable-languages=c c++ fortran --enable-obsolete --enable-secureplt --disable-werror --with-system-zlib --enable-nls --without-included-gettext --disable-libunwind-exceptions --enable-checking=release --with-bugurl=https://bugs.gentoo.org/ --with-pkgversion='Gentoo 11.3.1_p20221209 p3' --with-gcc-major-version-only --disable-esp --enable-libstdcxx-time --disable-libstdcxx-pch --enable-shared --enable-threads=posix --enable-__cxa_atexit --enable-clocale=gnu --enable-multilib --with-multilib-list=m32 m64 --disable-fixed-point --enable-targets=all --enable-libgomp --disable-libssp --disable-libada --disable-cet --disable-systemtap --disable-valgrind-annotations --disable-vtable-verify --disable-libvtv --without-zstd --enable-lto --without-isl --enable-default-pie --enable-default-ssp]
  ignore line: [Thread model: posix]
  ignore line: [Supported LTO compression algorithms: zlib]
  ignore line: [gcc version 11.3.1 20221209 (Gentoo 11.3.1_p20221209 p3) ]
  ignore line: [COLLECT_GCC_OPTIONS='-v' '-o' 'CMakeFiles/cmTC_7e333.dir/CMakeCCompilerABI.c.o' '-c' '-mtune=generic' '-march=x86-64' '-dumpdir' 'CMakeFiles/cmTC_7e333.dir/']
  ignore line: [ /usr/libexec/gcc/x86_64-pc-linux-gnu/11/cc1 -quiet -v /usr/share/cmake/Modules/CMakeCCompilerABI.c -quiet -dumpdir CMakeFiles/cmTC_7e333.dir/ -dumpbase CMakeCCompilerABI.c.c -dumpbase-ext .c -mtune=generic -march=x86-64 -version -o /tmp/ccBf5yI5.s]
  ignore line: [GNU C17 (Gentoo 11.3.1_p20221209 p3) version 11.3.1 20221209 (x86_64-pc-linux-gnu)]
  ignore line: [	compiled by GNU C version 11.3.1 20221209  GMP version 6.2.1  MPFR version 4.1.0-p13  MPC version 1.2.1  isl version none]
  ignore line: [warning: MPFR header version 4.1.0-p13 differs from library version 4.1.1-p1.]
  ignore line: [GGC heuristics: --param ggc-min-expand=100 --param ggc-min-heapsize=131072]
  ignore line: [ignoring nonexistent directory "/usr/lib/gcc/x86_64-pc-linux-gnu/11/../../../../x86_64-pc-linux-gnu/include"]
  ignore line: [#include "..." search starts here:]
  ignore line: [#include <...> search starts here:]
  ignore line: [ /usr/lib/gcc/x86_64-pc-linux-gnu/11/include]
  ignore line: [ /usr/local/include]
  ignore line: [ /usr/lib/gcc/x86_64-pc-linux-gnu/11/include-fixed]
  ignore line: [ /usr/include]
  ignore line: [End of search list.]
  ignore line: [GNU C17 (Gentoo 11.3.1_p20221209 p3) version 11.3.1 20221209 (x86_64-pc-linux-gnu)]
  ignore line: [	compiled by GNU C version 11.3.1 20221209  GMP version 6.2.1  MPFR version 4.1.0-p13  MPC version 1.2.1  isl version none]
  ignore line: [warning: MPFR header version 4.1.0-p13 differs from library version 4.1.1-p1.]
  ignore line: [GGC heuristics: --param ggc-min-expand=100 --param ggc-min-heapsize=131072]
  ignore line: [Compiler executable checksum: cce1b0a81ea5a96a12907e0164bd680d]
  ignore line: [COLLECT_GCC_OPTIONS='-v' '-o' 'CMakeFiles/cmTC_7e333.dir/CMakeCCompilerABI.c.o' '-c' '-mtune=generic' '-march=x86-64' '-dumpdir' 'CMakeFiles/cmTC_7e333.dir/']
  ignore line: [ /usr/lib/gcc/x86_64-pc-linux-gnu/11/../../../../x86_64-pc-linux-gnu/bin/as -v --64 -o CMakeFiles/cmTC_7e333.dir/CMakeCCompilerABI.c.o /tmp/ccBf5yI5.s]
  ignore line: [GNU assembler version 2.39.0 (x86_64-pc-linux-gnu) using BFD version (Gentoo 2.39 p5) 2.39.0]
  ignore line: [COMPILER_PATH=/usr/libexec/gcc/x86_64-pc-linux-gnu/11/:/usr/libexec/gcc/x86_64-pc-linux-gnu/11/:/usr/libexec/gcc/x86_64-pc-linux-gnu/:/usr/lib/gcc/x86_64-pc-linux-gnu/11/:/usr/lib/gcc/x86_64-pc-linux-gnu/:/usr/lib/gcc/x86_64-pc-linux-gnu/11/../../../../x86_64-pc-linux-gnu/bin/]
  ignore line: [LIBRARY_PATH=/usr/lib/gcc/x86_64-pc-linux-gnu/11/:/usr/lib/gcc/x86_64-pc-linux-gnu/11/../../../../lib64/:/lib/../lib64/:/usr/lib/../lib64/:/usr/lib/gcc/x86_64-pc-linux-gnu/11/../../../../x86_64-pc-linux-gnu/lib/:/usr/lib/gcc/x86_64-pc-linux-gnu/11/../../../:/lib/:/usr/lib/]
  ignore line: [COLLECT_GCC_OPTIONS='-v' '-o' 'CMakeFiles/cmTC_7e333.dir/CMakeCCompilerABI.c.o' '-c' '-mtune=generic' '-march=x86-64' '-dumpdir' 'CMakeFiles/cmTC_7e333.dir/CMakeCCompilerABI.c.']
  ignore line: [Linking C executable cmTC_7e333]
  ignore line: [/usr/bin/cmake -E cmake_link_script CMakeFiles/cmTC_7e333.dir/link.txt --verbose=1]
  ignore line: [/usr/bin/cc  -v -rdynamic CMakeFiles/cmTC_7e333.dir/CMakeCCompilerABI.c.o -o cmTC_7e333 ]
  ignore line: [Using built-in specs.]
  ignore line: [COLLECT_GCC=/usr/bin/cc]
  ignore line: [COLLECT_LTO_WRAPPER=/usr/libexec/gcc/x86_64-pc-linux-gnu/11/lto-wrapper]
  ignore line: [Target: x86_64-pc-linux-gnu]
  ignore line: [Configured with: /var/tmp/portage/sys-devel/gcc-11.3.1_p20221209/work/gcc-11-20221209/configure --host=x86_64-pc-linux-gnu --build=x86_64-pc-linux-gnu --prefix=/usr --bindir=/usr/x86_64-pc-linux-gnu/gcc-bin/11 --includedir=/usr/lib/gcc/x86_64-pc-linux-gnu/11/include --datadir=/usr/share/gcc-data/x86_64-pc-linux-gnu/11 --mandir=/usr/share/gcc-data/x86_64-pc-linux-gnu/11/man --infodir=/usr/share/gcc-data/x86_64-pc-linux-gnu/11/info --with-gxx-include-dir=/usr/lib/gcc/x86_64-pc-linux-gnu/11/include/g++-v11 --with-python-dir=/share/gcc-data/x86_64-pc-linux-gnu/11/python --enable-languages=c c++ fortran --enable-obsolete --enable-secureplt --disable-werror --with-system-zlib --enable-nls --without-included-gettext --disable-libunwind-exceptions --enable-checking=release --with-bugurl=https://bugs.gentoo.org/ --with-pkgversion='Gentoo 11.3.1_p20221209 p3' --with-gcc-major-version-only --disable-esp --enable-libstdcxx-time --disable-libstdcxx-pch --enable-shared --enable-threads=posix --enable-__cxa_atexit --enable-clocale=gnu --enable-multilib --with-multilib-list=m32 m64 --disable-fixed-point --enable-targets=all --enable-libgomp --disable-libssp --disable-libada --disable-cet --disable-systemtap --disable-valgrind-annotations --disable-vtable-verify --disable-libvtv --without-zstd --enable-lto --without-isl --enable-default-pie --enable-default-ssp]
  ignore line: [Thread model: posix]
  ignore line: [Supported LTO compression algorithms: zlib]
  ignore line: [gcc version 11.3.1 20221209 (Gentoo 11.3.1_p20221209 p3) ]
  ignore line: [COMPILER_PATH=/usr/libexec/gcc/x86_64-pc-linux-gnu/11/:/usr/libexec/gcc/x86_64-pc-linux-gnu/11/:/usr/libexec/gcc/x86_64-pc-linux-gnu/:/usr/lib/gcc/x86_64-pc-linux-gnu/11/:/usr/lib/gcc/x86_64-pc-linux-gnu/:/usr/lib/gcc/x86_64-pc-linux-gnu/11/../../../../x86_64-pc-linux-gnu/bin/]
  ignore line: [LIBRARY_PATH=/usr/lib/gcc/x86_64-pc-linux-gnu/11/:/usr/lib/gcc/x86_64-pc-linux-gnu/11/../../../../lib64/:/lib/../lib64/:/usr/lib/../lib64/:/usr/lib/gcc/x86_64-pc-linux-gnu/11/../../../../x86_64-pc-linux-gnu/lib/:/usr/lib/gcc/x86_64-pc-linux-gnu/11/../../../:/lib/:/usr/lib/]
  ignore line: [COLLECT_GCC_OPTIONS='-v' '-rdynamic' '-o' 'cmTC_7e333' '-mtune=generic' '-march=x86-64' '-dumpdir' 'cmTC_7e333.']
  link line: [ /usr/libexec/gcc/x86_64-pc-linux-gnu/11/collect2 -plugin /usr/libexec/gcc/x86_64-pc-linux-gnu/11/liblto_plugin.so -plugin-opt=/usr/libexec/gcc/x86_64-pc-linux-gnu/11/lto-wrapper -plugin-opt=-fresolution=/tmp/ccibV74P.res -plugin-opt=-pass-through=-lgcc -plugin-opt=-pass-through=-lgcc_s -plugin-opt=-pass-through=-lc -plugin-opt=-pass-through=-lgcc -plugin-opt=-pass-through=-lgcc_s --eh-frame-hdr -m elf_x86_64 -export-dynamic -dynamic-linker /lib64/ld-linux-x86-64.so.2 -pie -o cmTC_7e333 /usr/lib/gcc/x86_64-pc-linux-gnu/11/../../../../lib64/Scrt1.o /usr/lib/gcc/x86_64-pc-linux-gnu/11/../../../../lib64/crti.o /usr/lib/gcc/x86_64-pc-linux-gnu/11/crtbeginS.o -L/usr/lib/gcc/x86_64-pc-linux-gnu/11 -L/usr/lib/gcc/x86_64-pc-linux-gnu/11/../../../../lib64 -L/lib/../lib64 -L/usr/lib/../lib64 -L/usr/lib/gcc/x86_64-pc-linux-gnu/11/../../../../x86_64-pc-linux-gnu/lib -L/usr/lib/gcc/x86_64-pc-linux-gnu/11/../../.. CMakeFiles/cmTC_7e333.dir/CMakeCCompilerABI.c.o -lgcc --push-state --as-needed -lgcc_s --pop-state -lc -lgcc --push-state --as-needed -lgcc_s --pop-state /usr/lib/gcc/x86_64-pc-linux-gnu/11/crtendS.o /usr/lib/gcc/x86_64-pc-linux-gnu/11/../../../../lib64/crtn.o]
    arg [/usr/libexec/gcc/x86_64-pc-linux-gnu/11/collect2] ==> ignore
    arg [-plugin] ==> ignore
    arg [/usr/libexec/gcc/x86_64-pc-linux-gnu/11/liblto_plugin.so] ==> ignore
    arg [-plugin-opt=/usr/libexec/gcc/x86_64-pc-linux-gnu/11/lto-wrapper] ==> ignore
    arg [-plugin-opt=-fresolution=/tmp/ccibV74P.res] ==> ignore
    arg [-plugin-opt=-pass-through=-lgcc] ==> ignore
    arg [-plugin-opt=-pass-through=-lgcc_s] ==> ignore
    arg [-plugin-opt=-pass-through=-lc] ==> ignore
    arg [-plugin-opt=-pass-through=-lgcc] ==> ignore
    arg [-plugin-opt=-pass-through=-lgcc_s] ==> ignore
    arg [--eh-frame-hdr] ==> ignore
    arg [-m] ==> ignore
    arg [elf_x86_64] ==> ignore
    arg [-export-dynamic] ==> ignore
    arg [-dynamic-linker] ==> ignore
    arg [/lib64/ld-linux-x86-64.so.2] ==> ignore
    arg [-pie] ==> ignore
    arg [-o] ==> ignore
    arg [cmTC_7e333] ==> ignore
    arg [/usr/lib/gcc/x86_64-pc-linux-gnu/11/../../../../lib64/Scrt1.o] ==> obj [/usr/lib/gcc/x86_64-pc-linux-gnu/11/../../../../lib64/Scrt1.o]
    arg [/usr/lib/gcc/x86_64-pc-linux-gnu/11/../../../../lib64/crti.o] ==> obj [/usr/lib/gcc/x86_64-pc-linux-gnu/11/../../../../lib64/crti.o]
    arg [/usr/lib/gcc/x86_64-pc-linux-gnu/11/crtbeginS.o] ==> obj [/usr/lib/gcc/x86_64-pc-linux-gnu/11/crtbeginS.o]
    arg [-L/usr/lib/gcc/x86_64-pc-linux-gnu/11] ==> dir [/usr/lib/gcc/x86_64-pc-linux-gnu/11]
    arg [-L/usr/lib/gcc/x86_64-pc-linux-gnu/11/../../../../lib64] ==> dir [/usr/lib/gcc/x86_64-pc-linux-gnu/11/../../../../lib64]
    arg [-L/lib/../lib64] ==> dir [/lib/../lib64]
    arg [-L/usr/lib/../lib64] ==> dir [/usr/lib/../lib64]
    arg [-L/usr/lib/gcc/x86_64-pc-linux-gnu/11/../../../../x86_64-pc-linux-gnu/lib] ==> dir [/usr/lib/gcc/x86_64-pc-linux-gnu/11/../../../../x86_64-pc-linux-gnu/lib]
    arg [-L/usr/lib/gcc/x86_64-pc-linux-gnu/11/../../..] ==> dir [/usr/lib/gcc/x86_64-pc-linux-gnu/11/../../..]
    arg [CMakeFiles/cmTC_7e333.dir/CMakeCCompilerABI.c.o] ==> ignore
    arg [-lgcc] ==> lib [gcc]
    arg [--push-state] ==> ignore
    arg [--as-needed] ==> ignore
    arg [-lgcc_s] ==> lib [gcc_s]
    arg [--pop-state] ==> ignore
    arg [-lc] ==> lib [c]
    arg [-lgcc] ==> lib [gcc]
    arg [--push-state] ==> ignore
    arg [--as-needed] ==> ignore
    arg [-lgcc_s] ==> lib [gcc_s]
    arg [--pop-state] ==> ignore
    arg [/usr/lib/gcc/x86_64-pc-linux-gnu/11/crtendS.o] ==> obj [/usr/lib/gcc/x86_64-pc-linux-gnu/11/crtendS.o]
    arg [/usr/lib/gcc/x86_64-pc-linux-gnu/11/../../../../lib64/crtn.o] ==> obj [/usr/lib/gcc/x86_64-pc-linux-gnu/11/../../../../lib64/crtn.o]
  collapse obj [/usr/lib/gcc/x86_64-pc-linux-gnu/11/../../../../lib64/Scrt1.o] ==> [/usr/lib64/Scrt1.o]
  collapse obj [/usr/lib/gcc/x86_64-pc-linux-gnu/11/../../../../lib64/crti.o] ==> [/usr/lib64/crti.o]
  collapse obj [/usr/lib/gcc/x86_64-pc-linux-gnu/11/../../../../lib64/crtn.o] ==> [/usr/lib64/crtn.o]
  collapse library dir [/usr/lib/gcc/x86_64-pc-linux-gnu/11] ==> [/usr/lib/gcc/x86_64-pc-linux-gnu/11]
  collapse library dir [/usr/lib/gcc/x86_64-pc-linux-gnu/11/../../../../lib64] ==> [/usr/lib64]
  collapse library dir [/lib/../lib64] ==> [/lib64]
  collapse library dir [/usr/lib/../lib64] ==> [/usr/lib64]
  collapse library dir [/usr/lib/gcc/x86_64-pc-linux-gnu/11/../../../../x86_64-pc-linux-gnu/lib] ==> [/usr/x86_64-pc-linux-gnu/lib]
  collapse library dir [/usr/lib/gcc/x86_64-pc-linux-gnu/11/../../..] ==> [/usr/lib]
  implicit libs: [gcc;gcc_s;c;gcc;gcc_s]
  implicit objs: [/usr/lib64/Scrt1.o;/usr/lib64/crti.o;/usr/lib/gcc/x86_64-pc-linux-gnu/11/crtbeginS.o;/usr/lib/gcc/x86_64-pc-linux-gnu/11/crtendS.o;/usr/lib64/crtn.o]
  implicit dirs: [/usr/lib/gcc/x86_64-pc-linux-gnu/11;/usr/lib64;/lib64;/usr/x86_64-pc-linux-gnu/lib;/usr/lib]
  implicit fwks: []


Detecting CXX compiler ABI info compiled with the following output:
Change Dir: /home/wrowsers/CppStuff/AdventOfCode/2022/DaySix/CMakeFiles/CMakeTmp

Run Build Command(s):/usr/bin/gmake -f Makefile cmTC_af339/fast && /usr/bin/gmake  -f CMakeFiles/cmTC_af339.dir/build.make CMakeFiles/cmTC_af339.dir/build
gmake[1]: Entering directory '/home/wrowsers/CppStuff/AdventOfCode/2022/DaySix/CMakeFiles/CMakeTmp'
Building CXX object CMakeFiles/cmTC_af339.dir/CMakeCXXCompilerABI.cpp.o
/usr/bin/c++   -v -o CMakeFiles/cmTC_af339.dir/CMakeCXXCompilerABI.cpp.o -c /usr/share/cmake/Modules/CMakeCXXCompilerABI.cpp
Using built-in specs.
COLLECT_GCC=/usr/bin/c++
Target: x86_64-pc-linux-gnu
Configured with: /var/tmp/portage/sys-devel/gcc-11.3.1_p20221209/work/gcc-11-20221209/configure --host=x86_64-pc-linux-gnu --build=x86_64-pc-linux-gnu --prefix=/usr --bindir=/usr/x86_64-pc-linux-gnu/gcc-bin/11 --includedir=/usr/lib/gcc/x86_64-pc-linux-gnu/11/include --datadir=/usr/share/gcc-data/x86_64-pc-linux-gnu/11 --mandir=/usr/share/gcc-data/x86_64-pc-linux-gnu/11/man --infodir=/usr/share/gcc-data/x86_64-pc-linux-gnu/11/info --with-gxx-include-dir=/usr/lib/gcc/x86_64-pc-linux-gnu/11/include/g++-v11 --with-python-dir=/share/gcc-data/x86_64-pc-linux-gnu/11/python --enable-languages=c,c++,fortran --enable-obsolete --enable-secureplt --disable-werror --with-system-zlib --enable-nls --without-included-gettext --disable-libunwind-exceptions --enable-checking=release --with-bugurl=https://bugs.gentoo.org/ --with-pkgversion='Gentoo 11.3.1_p20221209 p3' --with-gcc-major-version-only --disable-esp --enable-libstdcxx-time --disable-libstdcxx-pch --enable-shared --enable-threads=posix --enable-__cxa_atexit --enable-clocale=gnu --enable-multilib --with-multilib-list=m32,m64 --disable-fixed-point --enable-targets=all --enable-libgomp --disable-libssp --disable-libada --disable-cet --disable-systemtap --disable-valgrind-annotations --disable-vtable-verify --disable-libvtv --without-zstd --enable-lto --without-isl --enable-default-pie --enable-default-ssp
Thread model: posix
Supported LTO compression algorithms: zlib
gcc version 11.3.1 20221209 (Gentoo 11.3.1_p20221209 p3) 
COLLECT_GCC_OPTIONS='-v' '-o' 'CMakeFiles/cmTC_af339.dir/CMakeCXXCompilerABI.cpp.o' '-c' '-shared-libgcc' '-mtune=generic' '-march=x86-64' '-dumpdir' 'CMakeFiles/cmTC_af339.dir/'
 /usr/libexec/gcc/x86_64-pc-linux-gnu/11/cc1plus -quiet -v -D_GNU_SOURCE /usr/share/cmake/Modules/CMakeCXXCompilerABI.cpp -quiet -dumpdir CMakeFiles/cmTC_af339.dir/ -dumpbase CMakeCXXCompilerABI.cpp.cpp -dumpbase-ext .cpp -mtune=generic -march=x86-64 -version -o /tmp/cc43UCam.s
GNU C++17 (Gentoo 11.3.1_p20221209 p3) version 11.3.1 20221209 (x86_64-pc-linux-gnu)
	compiled by GNU C version 11.3.1 20221209, GMP version 6.2.1, MPFR version 4.1.0-p13, MPC version 1.2.1, isl version none
warning: MPFR header version 4.1.0-p13 differs from library version 4.1.1-p1.
GGC heuristics: --param ggc-min-expand=100 --param ggc-min-heapsize=131072
ignoring nonexistent directory "/usr/lib/gcc/x86_64-pc-linux-gnu/11/../../../../x86_64-pc-linux-gnu/include"
#include "..." search starts here:
#include <...> search starts here:
 /usr/lib/gcc/x86_64-pc-linux-gnu/11/include/g++-v11
 /usr/lib/gcc/x86_64-pc-linux-gnu/11/include/g++-v11/x86_64-pc-linux-gnu
 /usr/lib/gcc/x86_64-pc-linux-gnu/11/include/g++-v11/backward
 /usr/lib/gcc/x86_64-pc-linux-gnu/11/include
 /usr/local/include
 /usr/lib/gcc/x86_64-pc-linux-gnu/11/include-fixed
 /usr/include
End of search list.
GNU C++17 (Gentoo 11.3.1_p20221209 p3) version 11.3.1 20221209 (x86_64-pc-linux-gnu)
	compiled by GNU C version 11.3.1 20221209, GMP version 6.2.1, MPFR version 4.1.0-p13, MPC version 1.2.1, isl version none
warning: MPFR header version 4.1.0-p13 differs from library version 4.1.1-p1.
GGC heuristics: --param ggc-min-expand=100 --param ggc-min-heapsize=131072
Compiler executable checksum: 7f6aebad8b1010ea92c4be1d257a32eb
COLLECT_GCC_OPTIONS='-v' '-o' 'CMakeFiles/cmTC_af339.dir/CMakeCXXCompilerABI.cpp.o' '-c' '-shared-libgcc' '-mtune=generic' '-march=x86-64' '-dumpdir' 'CMakeFiles/cmTC_af339.dir/'
 /usr/lib/gcc/x86_64-pc-linux-gnu/11/../../../../x86_64-pc-linux-gnu/bin/as -v --64 -o CMakeFiles/cmTC_af339.dir/CMakeCXXCompilerABI.cpp.o /tmp/cc43UCam.s
GNU assembler version 2.39.0 (x86_64-pc-linux-gnu) using BFD version (Gentoo 2.39 p5) 2.39.0
COMPILER_PATH=/usr/libexec/gcc/x86_64-pc-linux-gnu/11/:/usr/libexec/gcc/x86_64-pc-linux-gnu/11/:/usr/libexec/gcc/x86_64-pc-linux-gnu/:/usr/lib/gcc/x86_64-pc-linux-gnu/11/:/usr/lib/gcc/x86_64-pc-linux-gnu/:/usr/lib/gcc/x86_64-pc-linux-gnu/11/../../../../x86_64-pc-linux-gnu/bin/
LIBRARY_PATH=/usr/lib/gcc/x86_64-pc-linux-gnu/11/:/usr/lib/gcc/x86_64-pc-linux-gnu/11/../../../../lib64/:/lib/../lib64/:/usr/lib/../lib64/:/usr/lib/gcc/x86_64-pc-linux-gnu/11/../../../../x86_64-pc-linux-gnu/lib/:/usr/lib/gcc/x86_64-pc-linux-gnu/11/../../../:/lib/:/usr/lib/
COLLECT_GCC_OPTIONS='-v' '-o' 'CMakeFiles/cmTC_af339.dir/CMakeCXXCompilerABI.cpp.o' '-c' '-shared-libgcc' '-mtune=generic' '-march=x86-64' '-dumpdir' 'CMakeFiles/cmTC_af339.dir/CMakeCXXCompilerABI.cpp.'
Linking CXX executable cmTC_af339
/usr/bin/cmake -E cmake_link_script CMakeFiles/cmTC_af339.dir/link.txt --verbose=1
/usr/bin/c++  -v -rdynamic CMakeFiles/cmTC_af339.dir/CMakeCXXCompilerABI.cpp.o -o cmTC_af339 
Using built-in specs.
COLLECT_GCC=/usr/bin/c++
COLLECT_LTO_WRAPPER=/usr/libexec/gcc/x86_64-pc-linux-gnu/11/lto-wrapper
Target: x86_64-pc-linux-gnu
Configured with: /var/tmp/portage/sys-devel/gcc-11.3.1_p20221209/work/gcc-11-20221209/configure --host=x86_64-pc-linux-gnu --build=x86_64-pc-linux-gnu --prefix=/usr --bindir=/usr/x86_64-pc-linux-gnu/gcc-bin/11 --includedir=/usr/lib/gcc/x86_64-pc-linux-gnu/11/include --datadir=/usr/share/gcc-data/x86_64-pc-linux-gnu/11 --mandir=/usr/share/gcc-data/x86_64-pc-linux-gnu/11/man --infodir=/usr/share/gcc-data/x86_64-pc-linux-gnu/11/info --with-gxx-include-dir=/usr/lib/gcc/x86_64-pc-linux-gnu/11/include/g++-v11 --with-python-dir=/share/gcc-data/x86_64-pc-linux-gnu/11/python --enable-languages=c,c++,fortran --enable-obsolete --enable-secureplt --disable-werror --with-system-zlib --enable-nls --without-included-gettext --disable-libunwind-exceptions --enable-checking=release --with-bugurl=https://bugs.gentoo.org/ --with-pkgversion='Gentoo 11.3.1_p20221209 p3' --with-gcc-major-version-only --disable-esp --enable-libstdcxx-time --disable-libstdcxx-pch --enable-shared --enable-threads=posix --enable-__cxa_atexit --enable-clocale=gnu --enable-multilib --with-multilib-list=m32,m64 --disable-fixed-point --enable-targets=all --enable-libgomp --disable-libssp --disable-libada --disable-cet --disable-systemtap --disable-valgrind-annotations --disable-vtable-verify --disable-libvtv --without-zstd --enable-lto --without-isl --enable-default-pie --enable-default-ssp
Thread model: posix
Supported LTO compression algorithms: zlib
gcc version 11.3.1 20221209 (Gentoo 11.3.1_p20221209 p3) 
COMPILER_PATH=/usr/libexec/gcc/x86_64-pc-linux-gnu/11/:/usr/libexec/gcc/x86_64-pc-linux-gnu/11/:/usr/libexec/gcc/x86_64-pc-linux-gnu/:/usr/lib/gcc/x86_64-pc-linux-gnu/11/:/usr/lib/gcc/x86_64-pc-linux-gnu/:/usr/lib/gcc/x86_64-pc-linux-gnu/11/../../../../x86_64-pc-linux-gnu/bin/
LIBRARY_PATH=/usr/lib/gcc/x86_64-pc-linux-gnu/11/:/usr/lib/gcc/x86_64-pc-linux-gnu/11/../../../../lib64/:/lib/../lib64/:/usr/lib/../lib64/:/usr/lib/gcc/x86_64-pc-linux-gnu/11/../../../../x86_64-pc-linux-gnu/lib/:/usr/lib/gcc/x86_64-pc-linux-gnu/11/../../../:/lib/:/usr/lib/
COLLECT_GCC_OPTIONS='-v' '-rdynamic' '-o' 'cmTC_af339' '-shared-libgcc' '-mtune=generic' '-march=x86-64' '-dumpdir' 'cmTC_af339.'
 /usr/libexec/gcc/x86_64-pc-linux-gnu/11/collect2 -plugin /usr/libexec/gcc/x86_64-pc-linux-gnu/11/liblto_plugin.so -plugin-opt=/usr/libexec/gcc/x86_64-pc-linux-gnu/11/lto-wrapper -plugin-opt=-fresolution=/tmp/ccdiVDBN.res -plugin-opt=-pass-through=-lgcc_s -plugin-opt=-pass-through=-lgcc -plugin-opt=-pass-through=-lc -plugin-opt=-pass-through=-lgcc_s -plugin-opt=-pass-through=-lgcc --eh-frame-hdr -m elf_x86_64 -export-dynamic -dynamic-linker /lib64/ld-linux-x86-64.so.2 -pie -o cmTC_af339 /usr/lib/gcc/x86_64-pc-linux-gnu/11/../../../../lib64/Scrt1.o /usr/lib/gcc/x86_64-pc-linux-gnu/11/../../../../lib64/crti.o /usr/lib/gcc/x86_64-pc-linux-gnu/11/crtbeginS.o -L/usr/lib/gcc/x86_64-pc-linux-gnu/11 -L/usr/lib/gcc/x86_64-pc-linux-gnu/11/../../../../lib64 -L/lib/../lib64 -L/usr/lib/../lib64 -L/usr/lib/gcc/x86_64-pc-linux-gnu/11/../../../../x86_64-pc-linux-gnu/lib -L/usr/lib/gcc/x86_64-pc-linux-gnu/11/../../.. CMakeFiles/cmTC_af339.dir/CMakeCXXCompilerABI.cpp.o -lstdc++ -lm -lgcc_s -lgcc -lc -lgcc_s -lgcc /usr/lib/gcc/x86_64-pc-linux-gnu/11/crtendS.o /usr/lib/gcc/x86_64-pc-linux-gnu/11/../../../../lib64/crtn.o
COLLECT_GCC_OPTIONS='-v' '-rdynamic' '-o' 'cmTC_af339' '-shared-libgcc' '-mtune=generic' '-march=x86-64' '-dumpdir' 'cmTC_af339.'
gmake[1]: Leaving directory '/home/wrowsers/CppStuff/AdventOfCode/2022/DaySix/CMakeFiles/CMakeTmp'



Parsed CXX implicit include dir info from above output: rv=done
  found start of include info
  found start of implicit include info
    add: [/usr/lib/gcc/x86_64-pc-linux-gnu/11/include/g++-v11]
    add: [/usr/lib/gcc/x86_64-pc-linux-gnu/11/include/g++-v11/x86_64-pc-linux-gnu]
    add: [/usr/lib/gcc/x86_64-pc-linux-gnu/11/include/g++-v11/backward]
    add: [/usr/lib/gcc/x86_64-pc-linux-gnu/11/include]
    add: [/usr/local/include]
    add: [/usr/lib/gcc/x86_64-pc-linux-gnu/11/include-fixed]
    add: [/usr/include]
  end of search list found
  collapse include dir [/usr/lib/gcc/x86_64-pc-linux-gnu/11/include/g++-v11] ==> [/usr/lib/gcc/x86_64-pc-linux-gnu/11/include/g++-v11]
  collapse include dir [/usr/lib/gcc/x86_64-pc-linux-gnu/11/include/g++-v11/x86_64-pc-linux-gnu] ==> [/usr/lib/gcc/x86_64-pc-linux-gnu/11/include/g++-v11/x86_64-pc-linux-gnu]
  collapse include dir [/usr/lib/gcc/x86_64-pc-linux-gnu/11/include/g++-v11/backward] ==> [/usr/lib/gcc/x86_64-pc-linux-gnu/11/include/g++-v11/backward]
  collapse include dir [/usr/lib/gcc/x86_64-pc-linux-gnu/11/include] ==> [/usr/lib/gcc/x86_64-pc-linux-gnu/11/include]
  collapse include dir [/usr/local/include] ==> [/usr/local/include]
  collapse include dir [/usr/lib/gcc/x86_64-pc-linux-gnu/11/include-fixed] ==> [/usr/lib/gcc/x86_64-pc-linux-gnu/11/include-fixed]
  collapse include dir [/usr/include] ==> [/usr/include]
  implicit include dirs: [/usr/lib/gcc/x86_64-pc-linux-gnu/11/include/g++-v11;/usr/lib/gcc/x86_64-pc-linux-gnu/11/include/g++-v11/x86_64-pc-linux-gnu;/usr/lib/gcc/x86_64-pc-linux-gnu/11/include/g++-v11/backward;/usr/lib/gcc/x86_64-pc-linux-gnu/11/include;/usr/local/include;/usr/lib/gcc/x86_64-pc-linux-gnu/11/include-fixed;/usr/include]


Parsed CXX implicit link information from above output:
  link line regex: [^( *|.*[/\])(ld|CMAKE_LINK_STARTFILE-NOTFOUND|([^/\]+-)?ld|collect2)[^/\]*( |$)]
  ignore line: [Change Dir: /home/wrowsers/CppStuff/AdventOfCode/2022/DaySix/CMakeFiles/CMakeTmp]
  ignore line: []
  ignore line: [Run Build Command(s):/usr/bin/gmake -f Makefile cmTC_af339/fast && /usr/bin/gmake  -f CMakeFiles/cmTC_af339.dir/build.make CMakeFiles/cmTC_af339.dir/build]
  ignore line: [gmake[1]: Entering directory '/home/wrowsers/CppStuff/AdventOfCode/2022/DaySix/CMakeFiles/CMakeTmp']
  ignore line: [Building CXX object CMakeFiles/cmTC_af339.dir/CMakeCXXCompilerABI.cpp.o]
  ignore line: [/usr/bin/c++   -v -o CMakeFiles/cmTC_af339.dir/CMakeCXXCompilerABI.cpp.o -c /usr/share/cmake/Modules/CMakeCXXCompilerABI.cpp]
  ignore line: [Using built-in specs.]
  ignore line: [COLLECT_GCC=/usr/bin/c++]
  ignore line: [Target: x86_64-pc-linux-gnu]
  ignore line: [Configured with: /var/tmp/portage/sys-devel/gcc-11.3.1_p20221209/work/gcc-11-20221209/configure --host=x86_64-pc-linux-gnu --build=x86_64-pc-linux-gnu --prefix=/usr --bindir=/usr/x86_64-pc-linux-gnu/gcc-bin/11 --includedir=/usr/lib/gcc/x86_64-pc-linux-gnu/11/include --datadir=/usr/share/gcc-data/x86_64-pc-linux-gnu/11 --mandir=/usr/share/gcc-data/x86_64-pc-linux-gnu/11/man --infodir=/usr/share/gcc-data/x86_64-pc-linux-gnu/11/info --with-gxx-include-dir=/usr/lib/gcc/x86_64-pc-linux-gnu/11/include/g++-v11 --with-python-dir=/share/gcc-data/x86_64-pc-linux-gnu/11/python --enable-languages=c c++ fortran --enable-obsolete --enable-secureplt --disable-werror --with-system-zlib --enable-nls --without-included-gettext --disable-libunwind-exceptions --enable-checking=release --with-bugurl=https://bugs.gentoo.org/ --with-pkgversion='Gentoo 11.3.1_p20221209 p3' --with-gcc-major-version-only --disable-esp --enable-libstdcxx-time --disable-libstdcxx-pch --enable-shared --enable-threads=posix --enable-__cxa_atexit --enable-clocale=gnu --enable-multilib --with-multilib-list=m32 m64 --disable-fixed-point --enable-targets=all --enable-libgomp --disable-libssp --disable-libada --disable-cet --disable-systemtap --disable-valgrind-annotations --disable-vtable-verify --disable-libvtv --without-zstd --enable-lto --without-isl --enable-default-pie --enable-default-ssp]
  ignore line: [Thread model: posix]
  ignore line: [Supported LTO compression algorithms: zlib]
  ignore line: [gcc version 11.3.1 20221209 (Gentoo 11.3.1_p20221209 p3) ]
  ignore line: [COLLECT_GCC_OPTIONS='-v' '-o' 'CMakeFiles/cmTC_af339.dir/CMakeCXXCompilerABI.cpp.o' '-c' '-shared-libgcc' '-mtune=generic' '-march=x86-64' '-dumpdir' 'CMakeFiles/cmTC_af339.dir/']
  ignore line: [ /usr/libexec/gcc/x86_64-pc-linux-gnu/11/cc1plus -quiet -v -D_GNU_SOURCE /usr/share/cmake/Modules/CMakeCXXCompilerABI.cpp -quiet -dumpdir CMakeFiles/cmTC_af339.dir/ -dumpbase CMakeCXXCompilerABI.cpp.cpp -dumpbase-ext .cpp -mtune=generic -march=x86-64 -version -o /tmp/cc43UCam.s]
  ignore line: [GNU C++17 (Gentoo 11.3.1_p20221209 p3) version 11.3.1 20221209 (x86_64-pc-linux-gnu)]
  ignore line: [	compiled by GNU C version 11.3.1 20221209  GMP version 6.2.1  MPFR version 4.1.0-p13  MPC version 1.2.1  isl version none]
  ignore line: [warning: MPFR header version 4.1.0-p13 differs from library version 4.1.1-p1.]
  ignore line: [GGC heuristics: --param ggc-min-expand=100 --param ggc-min-heapsize=131072]
  ignore line: [ignoring nonexistent directory "/usr/lib/gcc/x86_64-pc-linux-gnu/11/../../../../x86_64-pc-linux-gnu/include"]
  ignore line: [#include "..." search starts here:]
  ignore line: [#include <...> search starts here:]
  ignore line: [ /usr/lib/gcc/x86_64-pc-linux-gnu/11/include/g++-v11]
  ignore line: [ /usr/lib/gcc/x86_64-pc-linux-gnu/11/include/g++-v11/x86_64-pc-linux-gnu]
  ignore line: [ /usr/lib/gcc/x86_64-pc-linux-gnu/11/include/g++-v11/backward]
  ignore line: [ /usr/lib/gcc/x86_64-pc-linux-gnu/11/include]
  ignore line: [ /usr/local/include]
  ignore line: [ /usr/lib/gcc/x86_64-pc-linux-gnu/11/include-fixed]
  ignore line: [ /usr/include]
  ignore line: [End of search list.]
  ignore line: [GNU C++17 (Gentoo 11.3.1_p20221209 p3) version 11.3.1 20221209 (x86_64-pc-linux-gnu)]
  ignore line: [	compiled by GNU C version 11.3.1 20221209  GMP version 6.2.1  MPFR version 4.1.0-p13  MPC version 1.2.1  isl version none]
  ignore line: [warning: MPFR header version 4.1.0-p13 differs from library version 4.1.1-p1.]
  ignore line: [GGC heuristics: --param ggc-min-expand=100 --param ggc-min-heapsize=131072]
  ignore line: [Compiler executable checksum: 7f6aebad8b1010ea92c4be1d257a32eb]
  ignore line: [COLLECT_GCC_OPTIONS='-v' '-o' 'CMakeFiles/cmTC_af339.dir/CMakeCXXCompilerABI.cpp.o' '-c' '-shared-libgcc' '-mtune=generic' '-march=x86-64' '-dumpdir' 'CMakeFiles/cmTC_af339.dir/']
  ignore line: [ /usr/lib/gcc/x86_64-pc-linux-gnu/11/../../../../x86_64-pc-linux-gnu/bin/as -v --64 -o CMakeFiles/cmTC_af339.dir/CMakeCXXCompilerABI.cpp.o /tmp/cc43UCam.s]
  ignore line: [GNU assembler version 2.39.0 (x86_64-pc-linux-gnu) using BFD version (Gentoo 2.39 p5) 2.39.0]
  ignore line: [COMPILER_PATH=/usr/libexec/gcc/x86_64-pc-linux-gnu/11/:/usr/libexec/gcc/x86_64-pc-linux-gnu/11/:/usr/libexec/gcc/x86_64-pc-linux-gnu/:/usr/lib/gcc/x86_64-pc-linux-gnu/11/:/usr/lib/gcc/x86_64-pc-linux-gnu/:/usr/lib/gcc/x86_64-pc-linux-gnu/11/../../../../x86_64-pc-linux-gnu/bin/]
  ignore line: [LIBRARY_PATH=/usr/lib/gcc/x86_64-pc-linux-gnu/11/:/usr/lib/gcc/x86_64-pc-linux-gnu/11/../../../../lib64/:/lib/../lib64/:/usr/lib/../lib64/:/usr/lib/gcc/x86_64-pc-linux-gnu/11/../../../../x86_64-pc-linux-gnu/lib/:/usr/lib/gcc/x86_64-pc-linux-gnu/11/../../../:/lib/:/usr/lib/]
  ignore line: [COLLECT_GCC_OPTIONS='-v' '-o' 'CMakeFiles/cmTC_af339.dir/CMakeCXXCompilerABI.cpp.o' '-c' '-shared-libgcc' '-mtune=generic' '-march=x86-64' '-dumpdir' 'CMakeFiles/cmTC_af339.dir/CMakeCXXCompilerABI.cpp.']
  ignore line: [Linking CXX executable cmTC_af339]
  ignore line: [/usr/bin/cmake -E cmake_link_script CMakeFiles/cmTC_af339.dir/link.txt --verbose=1]
  ignore line: [/usr/bin/c++  -v -rdynamic CMakeFiles/cmTC_af339.dir/CMakeCXXCompilerABI.cpp.o -o cmTC_af339 ]
  ignore line: [Using built-in specs.]
  ignore line: [COLLECT_GCC=/usr/bin/c++]
  ignore line: [COLLECT_LTO_WRAPPER=/usr/libexec/gcc/x86_64-pc-linux-gnu/11/lto-wrapper]
  ignore line: [Target: x86_64-pc-linux-gnu]
  ignore line: [Configured with: /var/tmp/portage/sys-devel/gcc-11.3.1_p20221209/work/gcc-11-20221209/configure --host=x86_64-pc-linux-gnu --build=x86_64-pc-linux-gnu --prefix=/usr --bindir=/usr/x86_64-pc-linux-gnu/gcc-bin/11 --includedir=/usr/lib/gcc/x86_64-pc-linux-gnu/11/include --datadir=/usr/share/gcc-data/x86_64-pc-linux-gnu/11 --mandir=/usr/share/gcc-data/x86_64-pc-linux-gnu/11/man --infodir=/usr/share/gcc-data/x86_64-pc-linux-gnu/11/info --with-gxx-include-dir=/usr/lib/gcc/x86_64-pc-linux-gnu/11/include/g++-v11 --with-python-dir=/share/gcc-data/x86_64-pc-linux-gnu/11/python --enable-languages=c c++ fortran --enable-obsolete --enable-secureplt --disable-werror --with-system-zlib --enable-nls --without-included-gettext --disable-libunwind-exceptions --enable-checking=release --with-bugurl=https://bugs.gentoo.org/ --with-pkgversion='Gentoo 11.3.1_p20221209 p3' --with-gcc-major-version-only --disable-esp --enable-libstdcxx-time --disable-libstdcxx-pch --enable-shared --enable-threads=posix --enable-__cxa_atexit --enable-clocale=gnu --enable-multilib --with-multilib-list=m32 m64 --disable-fixed-point --enable-targets=all --enable-libgomp --disable-libssp --disable-libada --disable-cet --disable-systemtap --disable-valgrind-annotations --disable-vtable-verify --disable-libvtv --without-zstd --enable-lto --without-isl --enable-default-pie --enable-default-ssp]
  ignore line: [Thread model: posix]
  ignore line: [Supported LTO compression algorithms: zlib]
  ignore line: [gcc version 11.3.1 20221209 (Gentoo 11.3.1_p20221209 p3) ]
  ignore line: [COMPILER_PATH=/usr/libexec/gcc/x86_64-pc-linux-gnu/11/:/usr/libexec/gcc/x86_64-pc-linux-gnu/11/:/usr/libexec/gcc/x86_64-pc-linux-gnu/:/usr/lib/gcc/x86_64-pc-linux-gnu/11/:/usr/lib/gcc/x86_64-pc-linux-gnu/:/usr/lib/gcc/x86_64-pc-linux-gnu/11/../../../../x86_64-pc-linux-gnu/bin/]
  ignore line: [LIBRARY_PATH=/usr/lib/gcc/x86_64-pc-linux-gnu/11/:/usr/lib/gcc/x86_64-pc-linux-gnu/11/../../../../lib64/:/lib/../lib64/:/usr/lib/../lib64/:/usr/lib/gcc/x86_64-pc-linux-gnu/11/../../../../x86_64-pc-linux-gnu/lib/:/usr/lib/gcc/x86_64-pc-linux-gnu/11/../../../:/lib/:/usr/lib/]
  ignore line: [COLLECT_GCC_OPTIONS='-v' '-rdynamic' '-o' 'cmTC_af339' '-shared-libgcc' '-mtune=generic' '-march=x86-64' '-dumpdir' 'cmTC_af339.']
  link line: [ /usr/libexec/gcc/x86_64-pc-linux-gnu/11/collect2 -plugin /usr/libexec/gcc/x86_64-pc-linux-gnu/11/liblto_plugin.so -plugin-opt=/usr/libexec/gcc/x86_64-pc-linux-gnu/11/lto-wrapper -plugin-opt=-fresolution=/tmp/ccdiVDBN.res -plugin-opt=-pass-through=-lgcc_s -plugin-opt=-pass-through=-lgcc -plugin-opt=-pass-through=-lc -plugin-opt=-pass-through=-lgcc_s -plugin-opt=-pass-through=-lgcc --eh-frame-hdr -m elf_x86_64 -export-dynamic -dynamic-linker /lib64/ld-linux-x86-64.so.2 -pie -o cmTC_af339 /usr/lib/gcc/x86_64-pc-linux-gnu/11/../../../../lib64/Scrt1.o /usr/lib/gcc/x86_64-pc-linux-gnu/11/../../../../lib64/crti.o /usr/lib/gcc/x86_64-pc-linux-gnu/11/crtbeginS.o -L/usr/lib/gcc/x86_64-pc-linux-gnu/11 -L/usr/lib/gcc/x86_64-pc-linux-gnu/11/../../../../lib64 -L/lib/../lib64 -L/usr/lib/../lib64 -L/usr/lib/gcc/x86_64-pc-linux-gnu/11/../../../../x86_64-pc-linux-gnu/lib -L/usr/lib/gcc/x86_64-pc-linux-gnu/11/../../.. CMakeFiles/cmTC_af339.dir/CMakeCXXCompilerABI.cpp.o -lstdc++ -lm -lgcc_s -lgcc -lc -lgcc_s -lgcc /usr/lib/gcc/x86_64-pc-linux-gnu/11/crtendS.o /usr/lib/gcc/x86_64-pc-linux-gnu/11/../../../../lib64/crtn.o]
    arg [/usr/libexec/gcc/x86_64-pc-linux-gnu/11/collect2] ==> ignore
    arg [-plugin] ==> ignore
    arg [/usr/libexec/gcc/x86_64-pc-linux-gnu/11/liblto_plugin.so] ==> ignore
    arg [-plugin-opt=/usr/libexec/gcc/x86_64-pc-linux-gnu/11/lto-wrapper] ==> ignore
    arg [-plugin-opt=-fresolution=/tmp/ccdiVDBN.res] ==> ignore
    arg [-plugin-opt=-pass-through=-lgcc_s] ==> ignore
    arg [-plugin-opt=-pass-through=-lgcc] ==> ignore
    arg [-plugin-opt=-pass-through=-lc] ==> ignore
    arg [-plugin-opt=-pass-through=-lgcc_s] ==> ignore
    arg [-plugin-opt=-pass-through=-lgcc] ==> ignore
    arg [--eh-frame-hdr] ==> ignore
    arg [-m] ==> ignore
    arg [elf_x86_64] ==> ignore
    arg [-export-dynamic] ==> ignore
    arg [-dynamic-linker] ==> ignore
    arg [/lib64/ld-linux-x86-64.so.2] ==> ignore
    arg [-pie] ==> ignore
    arg [-o] ==> ignore
    arg [cmTC_af339] ==> ignore
    arg [/usr/lib/gcc/x86_64-pc-linux-gnu/11/../../../../lib64/Scrt1.o] ==> obj [/usr/lib/gcc/x86_64-pc-linux-gnu/11/../../../../lib64/Scrt1.o]
    arg [/usr/lib/gcc/x86_64-pc-linux-gnu/11/../../../../lib64/crti.o] ==> obj [/usr/lib/gcc/x86_64-pc-linux-gnu/11/../../../../lib64/crti.o]
    arg [/usr/lib/gcc/x86_64-pc-linux-gnu/11/crtbeginS.o] ==> obj [/usr/lib/gcc/x86_64-pc-linux-gnu/11/crtbeginS.o]
    arg [-L/usr/lib/gcc/x86_64-pc-linux-gnu/11] ==> dir [/usr/lib/gcc/x86_64-pc-linux-gnu/11]
    arg [-L/usr/lib/gcc/x86_64-pc-linux-gnu/11/../../../../lib64] ==> dir [/usr/lib/gcc/x86_64-pc-linux-gnu/11/../../../../lib64]
    arg [-L/lib/../lib64] ==> dir [/lib/../lib64]
    arg [-L/usr/lib/../lib64] ==> dir [/usr/lib/../lib64]
    arg [-L/usr/lib/gcc/x86_64-pc-linux-gnu/11/../../../../x86_64-pc-linux-gnu/lib] ==> dir [/usr/lib/gcc/x86_64-pc-linux-gnu/11/../../../../x86_64-pc-linux-gnu/lib]
    arg [-L/usr/lib/gcc/x86_64-pc-linux-gnu/11/../../..] ==> dir [/usr/lib/gcc/x86_64-pc-linux-gnu/11/../../..]
    arg [CMakeFiles/cmTC_af339.dir/CMakeCXXCompilerABI.cpp.o] ==> ignore
    arg [-lstdc++] ==> lib [stdc++]
    arg [-lm] ==> lib [m]
    arg [-lgcc_s] ==> lib [gcc_s]
    arg [-lgcc] ==> lib [gcc]
    arg [-lc] ==> lib [c]
    arg [-lgcc_s] ==> lib [gcc_s]
    arg [-lgcc] ==> lib [gcc]
    arg [/usr/lib/gcc/x86_64-pc-linux-gnu/11/crtendS.o] ==> obj [/usr/lib/gcc/x86_64-pc-linux-gnu/11/crtendS.o]
    arg [/usr/lib/gcc/x86_64-pc-linux-gnu/11/../../../../lib64/crtn.o] ==> obj [/usr/lib/gcc/x86_64-pc-linux-gnu/11/../../../../lib64/crtn.o]
  collapse obj [/usr/lib/gcc/x86_64-pc-linux-gnu/11/../../../../lib64/Scrt1.o] ==> [/usr/lib64/Scrt1.o]
  collapse obj [/usr/lib/gcc/x86_64-pc-linux-gnu/11/../../../../lib64/crti.o] ==> [/usr/lib64/crti.o]
  collapse obj [/usr/lib/gcc/x86_64-pc-linux-gnu/11/../../../../lib64/crtn.o] ==> [/usr/lib64/crtn.o]
  collapse library dir [/usr/lib/gcc/x86_64-pc-linux-gnu/11] ==> [/usr/lib/gcc/x86_64-pc-linux-gnu/11]
  collapse library dir [/usr/lib/gcc/x86_64-pc-linux-gnu/11/../../../../lib64] ==> [/usr/lib64]
  collapse library dir [/lib/../lib64] ==> [/lib64]
  collapse library dir [/usr/lib/../lib64] ==> [/usr/lib64]
  collapse library dir [/usr/lib/gcc/x86_64-pc-linux-gnu/11/../../../../x86_64-pc-linux-gnu/lib] ==> [/usr/x86_64-pc-linux-gnu/lib]
  collapse library dir [/usr/lib/gcc/x86_64-pc-linux-gnu/11/../../..] ==> [/usr/lib]
  implicit libs: [stdc++;m;gcc_s;gcc;c;gcc_s;gcc]
  implicit objs: [/usr/lib64/Scrt1.o;/usr/lib64/crti.o;/usr/lib/gcc/x86_64-pc-linux-gnu/11/crtbeginS.o;/usr/lib/gcc/x86_64-pc-linux-gnu/11/crtendS.o;/usr/lib64/crtn.o]
  implicit dirs: [/usr/lib/gcc/x86_64-pc-linux-gnu/11;/usr/lib64;/lib64;/usr/x86_64-pc-linux-gnu/lib;/usr/lib]
  implicit fwks: []


